<?xml version="1.0" encoding="UTF-8"?>
<!-- Generated by org.testng.reporters.JUnitReportReporter -->
<testsuite hostname="ASH" failures="0" tests="2" name="testClasses.DeductionPageTestClass" time="42.058" errors="0" timestamp="2024-08-01T11:00:57 IST" skipped="0">
  <testcase classname="testClasses.DeductionPageTestClass" name="verifyNewDeductionIsAdded" time="10.741"/>
  <system-out/>
  <testcase classname="testClasses.DeductionPageTestClass" name="verifyExistingDeductionIsUpdated" time="31.317"/>
  <system-out/>
</testsuite> <!-- testClasses.DeductionPageTestClass -->
