<?xml version="1.0" encoding="UTF-8"?>
<!-- Generated by org.testng.reporters.JUnitReportReporter -->
<testsuite hostname="ASH" failures="0" tests="5" name="testClasses.LoginPageTestClass" time="62.411" errors="0" timestamp="2024-07-31T22:20:15 IST" skipped="0">
  <testcase classname="testClasses.LoginPageTestClass" name="verifyUnsucessfulLogin" time="9.017"/>
  <system-out/>
  <testcase classname="testClasses.LoginPageTestClass" name="verifySucessfulLogin" time="13.615"/>
  <system-out/>
  <testcase classname="testClasses.LoginPageTestClass" name="verifyUnsucessfulLogin" time="9.301"/>
  <system-out/>
  <testcase classname="testClasses.LoginPageTestClass" name="verifyCorrectURLIsHit" time="8.409"/>
  <system-out/>
  <testcase classname="testClasses.LoginPageTestClass" name="verifyUnsucessfulLogin" time="22.069"/>
  <system-out/>
</testsuite> <!-- testClasses.LoginPageTestClass -->
