<?xml version="1.0" encoding="UTF-8"?>
<!-- Generated by org.testng.reporters.JUnitReportReporter -->
<testsuite hostname="ASH" failures="0" tests="1" name="testClasses.WorkerPageTestClass" time="34.921" errors="0" timestamp="2024-08-07T20:10:35 IST" skipped="0">
  <testcase classname="testClasses.WorkerPageTestClass" name="verifyExistingWorkerIsDeleted" time="34.921"/>
  <system-out/>
</testsuite> <!-- testClasses.WorkerPageTestClass -->
