<?xml version="1.0" encoding="UTF-8"?>
<!-- Generated by org.testng.reporters.JUnitReportReporter -->
<testsuite hostname="ASH" failures="0" tests="1" name="testClasses.NewclientTestCLass" time="12.391" errors="0" timestamp="2024-08-07T18:06:53 IST" skipped="0">
  <testcase classname="testClasses.NewclientTestCLass" name="verifyANewClientisCreated" time="12.391"/>
  <system-out/>
</testsuite> <!-- testClasses.NewclientTestCLass -->
