<?xml version="1.0" encoding="UTF-8"?>
<!-- Generated by org.testng.reporters.JUnitReportReporter -->
<testsuite hostname="ASH" failures="0" tests="3" name="testClasses.HomePageTestClass" time="40.578" errors="0" timestamp="2024-07-31T22:20:15 IST" skipped="0">
  <testcase classname="testClasses.HomePageTestClass" name="verifyUserNameIsDisplayed" time="20.093"/>
  <system-out/>
  <testcase classname="testClasses.HomePageTestClass" name="verifyAllTilesInHomePageIsDisplayed" time="8.861"/>
  <system-out/>
  <testcase classname="testClasses.HomePageTestClass" name="verifyLogoIsDisplayed" time="11.624"/>
  <system-out/>
</testsuite> <!-- testClasses.HomePageTestClass -->
