<?xml version="1.0" encoding="UTF-8"?>
<!-- Generated by org.testng.reporters.JUnitReportReporter -->
<testsuite hostname="ASH" failures="0" tests="5" name="testClasses.LoginPageTestClass" time="48.275" errors="0" timestamp="2024-08-07T18:25:35 IST" skipped="0">
  <testcase classname="testClasses.LoginPageTestClass" name="verifyUnsucessfulLogin" time="8.458"/>
  <system-out/>
  <testcase classname="testClasses.LoginPageTestClass" name="verifySucessfulLogin" time="8.517"/>
  <system-out/>
  <testcase classname="testClasses.LoginPageTestClass" name="verifyCorrectURLIsHit" time="13.513"/>
  <system-out/>
  <testcase classname="testClasses.LoginPageTestClass" name="verifyUnsucessfulLogin" time="8.525"/>
  <system-out/>
  <testcase classname="testClasses.LoginPageTestClass" name="verifyUnsucessfulLogin" time="9.262"/>
  <system-out/>
</testsuite> <!-- testClasses.LoginPageTestClass -->
