<?xml version="1.0" encoding="UTF-8"?>
<!-- Generated by org.testng.reporters.JUnitReportReporter -->
<testsuite hostname="ASH" failures="0" tests="4" name="testClasses.WorkerPageTestClass" time="119.942" errors="0" timestamp="2024-08-07T18:29:10 IST" skipped="1">
  <testcase classname="testClasses.WorkerPageTestClass" name="verifyExistingWorkerIsDeleted" time="27.452">
    <skipped/>
  </testcase> <!-- verifyExistingWorkerIsDeleted -->
  <system-out/>
  <testcase classname="testClasses.WorkerPageTestClass" name="verifyExistingWorkerIsDeleted" time="18.144"/>
  <system-out/>
  <testcase classname="testClasses.WorkerPageTestClass" name="verifyExistingWorkerIsViewed" time="28.095"/>
  <system-out/>
  <testcase classname="testClasses.WorkerPageTestClass" name="verifyANewWorkerisCreated" time="46.251"/>
  <system-out/>
</testsuite> <!-- testClasses.WorkerPageTestClass -->
