<?xml version="1.0" encoding="UTF-8"?>
<!-- Generated by org.testng.reporters.JUnitReportReporter -->
<testsuite hostname="ASH" failures="0" tests="3" name="testClasses.HomePageTestClass" time="34.237" errors="0" timestamp="2024-08-07T18:53:26 IST" skipped="0">
  <testcase classname="testClasses.HomePageTestClass" name="verifyUserNameIsDisplayed" time="15.260"/>
  <system-out/>
  <testcase classname="testClasses.HomePageTestClass" name="verifyAllTilesInHomePageIsDisplayed" time="8.275"/>
  <system-out/>
  <testcase classname="testClasses.HomePageTestClass" name="verifyLogoIsDisplayed" time="10.702"/>
  <system-out/>
</testsuite> <!-- testClasses.HomePageTestClass -->
