<?xml version="1.0" encoding="UTF-8"?>
<!-- Generated by org.testng.reporters.JUnitReportReporter -->
<testsuite hostname="ASH" failures="0" tests="4" name="testClasses.HomePageTestClass" time="39.653" errors="0" timestamp="2024-08-07T19:39:50 IST" skipped="1">
  <testcase classname="testClasses.HomePageTestClass" name="verifyUserNameIsDisplayed" time="13.461"/>
  <system-out/>
  <testcase classname="testClasses.HomePageTestClass" name="verifyAllTilesInHomePageIsDisplayed" time="8.390"/>
  <system-out/>
  <testcase classname="testClasses.HomePageTestClass" name="verifyAllTilesInHomePageIsDisplayed" time="7.625">
    <skipped/>
  </testcase> <!-- verifyAllTilesInHomePageIsDisplayed -->
  <system-out/>
  <testcase classname="testClasses.HomePageTestClass" name="verifyLogoIsDisplayed" time="10.177"/>
  <system-out/>
</testsuite> <!-- testClasses.HomePageTestClass -->
