<?xml version="1.0" encoding="UTF-8"?>
<!-- Generated by org.testng.reporters.JUnitReportReporter -->
<testsuite hostname="ASH" failures="0" tests="4" name="testClasses.DeductionPageTestClass" time="91.525" errors="0" timestamp="2024-07-31T22:16:40 IST" skipped="0">
  <testcase classname="testClasses.DeductionPageTestClass" name="verifyExistingDeductionIsUpdated" time="35.722"/>
  <system-out/>
  <testcase classname="testClasses.DeductionPageTestClass" name="verifyNewDeductionIsAdded" time="18.103"/>
  <system-out/>
  <testcase classname="testClasses.DeductionPageTestClass" name="verifyNewDeductionIsAdded" time="21.490"/>
  <system-out/>
  <testcase classname="testClasses.DeductionPageTestClass" name="verifyExistingDeductionIsUpdated" time="16.210"/>
  <system-out/>
</testsuite> <!-- testClasses.DeductionPageTestClass -->
