<?xml version="1.0" encoding="UTF-8"?>
<!-- Generated by org.testng.reporters.JUnitReportReporter -->
<testsuite hostname="ASH" failures="0" tests="4" name="testClasses.ClientPageTestClass" time="63.219" errors="0" timestamp="2024-07-31T22:16:40 IST" skipped="0">
  <testcase classname="testClasses.ClientPageTestClass" name="verifySearchingAnExistingClient" time="15.602"/>
  <system-out/>
  <testcase classname="testClasses.ClientPageTestClass" name="verifySearchingAnExistingClient" time="14.814"/>
  <system-out/>
  <testcase classname="testClasses.ClientPageTestClass" name="verifyANewClientisCreated" time="16.706"/>
  <system-out/>
  <testcase classname="testClasses.ClientPageTestClass" name="verifyANewClientisCreated" time="16.097"/>
  <system-out/>
</testsuite> <!-- testClasses.ClientPageTestClass -->
